<?xml version="1.0" encoding="UTF-8"?>
<!-- Generated by org.testng.reporters.JUnitReportReporter -->
<testsuite hostname="DESKTOP-TSTLMB5" failures="0" tests="2" name="RestAPITest" time="0.033" errors="0" timestamp="2020-11-06T01:20:30 EST" skipped="0">
  <testcase classname="RestAPITest" name="RestAPIFirstMethod" time="0.032"/>
  <system-out/>
  <testcase classname="RestAPITest" name="RestAPISecondMethod" time="0.001"/>
  <system-out/>
</testsuite> <!-- RestAPITest -->
