<?xml version="1.0" encoding="UTF-8"?>
<!-- Generated by org.testng.reporters.JUnitReportReporter -->
<testsuite hostname="DESKTOP-TSTLMB5" failures="0" tests="2" name="SeleniumTest" time="0.002" errors="0" timestamp="2020-11-06T01:20:30 EST" skipped="0">
  <testcase classname="SeleniumTest" name="initiateLoginAutomation" time="0.001"/>
  <system-out/>
  <testcase classname="SeleniumTest" name="initiateBrowserAutomation" time="0.001"/>
  <system-out/>
</testsuite> <!-- SeleniumTest -->
