<?xml version="1.0" encoding="UTF-8"?>
<!-- Generated by org.testng.reporters.JUnitReportReporter -->
<testsuite hostname="DESKTOP-TSTLMB5" failures="0" tests="2" name="TestNGTest" time="0.000" errors="0" timestamp="2020-11-06T01:20:30 EST" skipped="0">
  <testcase classname="TestNGTest" name="testNGNumberTwo" time="0.000"/>
  <system-out/>
  <testcase classname="TestNGTest" name="testNGNumberONE" time="0.000"/>
  <system-out/>
</testsuite> <!-- TestNGTest -->
